# JRE version: Java(TM) SE Runtime Environment (8.0_191-b12) (build 1.8.0_191-b12)
# Java VM: Java HotSpot(TM) 64-Bit Server VM (25.191-b12 mixed mode linux-amd64 compressed oops)
Heap:
 PSYoungGen      total 3728384K, used 1357320K [0x000000066ab00000, 0x00000007c0000000, 0x00000007c0000000)
  eden space 1864704K, 0% used [0x000000066ab00000,0x000000066ab00000,0x00000006dc800000)
  from space 1863680K, 72% used [0x000000074e400000,0x00000007a1182118,0x00000007c0000000)
  to   space 1863680K, 0% used [0x00000006dc800000,0x00000006dc800000,0x000000074e400000)
 ParOldGen       total 9800192K, used 9799769K [0x00000003c0000000, 0x0000000616280000, 0x000000066ab00000)
  object space 9800192K, 99% used [0x00000003c0000000,0x0000000616216458,0x0000000616280000)
 Metaspace       used 11785K, capacity 11898K, committed 12032K, reserved 1060864K
  class space    used 1230K, capacity 1265K, committed 1280K, reserved 1048576K
GC Heap History (10 events):
Event: 113.285 GC heap after
Heap after GC invocations=22 (full 3):
 PSYoungGen      total 3728384K, used 1271908K [0x000000066ab00000, 0x00000007c0000000, 0x00000007c0000000)
  eden space 1864704K, 0% used [0x000000066ab00000,0x000000066ab00000,0x00000006dc800000)
  from space 1863680K, 68% used [0x00000006dc800000,0x000000072a219088,0x000000074e400000)
  to   space 1863680K, 0% used [0x000000074e400000,0x000000074e400000,0x00000007c0000000)
 ParOldGen       total 7541248K, used 5378670K [0x00000003c0000000, 0x000000058c480000, 0x000000066ab00000)
  object space 7541248K, 71% used [0x00000003c0000000,0x000000050849bb90,0x000000058c480000)
 Metaspace       used 11785K, capacity 11898K, committed 12032K, reserved 1060864K
  class space    used 1230K, capacity 1265K, committed 1280K, reserved 1048576K
}
Event: 114.216 GC heap before
{Heap before GC invocations=23 (full 3):
 PSYoungGen      total 3728384K, used 3136612K [0x000000066ab00000, 0x00000007c0000000, 0x00000007c0000000)
  eden space 1864704K, 100% used [0x000000066ab00000,0x00000006dc800000,0x00000006dc800000)
  from space 1863680K, 68% used [0x00000006dc800000,0x000000072a219088,0x000000074e400000)
  to   space 1863680K, 0% used [0x000000074e400000,0x000000074e400000,0x00000007c0000000)
 ParOldGen       total 7541248K, used 5378670K [0x00000003c0000000, 0x000000058c480000, 0x000000066ab00000)
  object space 7541248K, 71% used [0x00000003c0000000,0x000000050849bb90,0x000000058c480000)
 Metaspace       used 11785K, capacity 11898K, committed 12032K, reserved 1060864K
  class space    used 1230K, capacity 1265K, committed 1280K, reserved 1048576K
Event: 115.502 GC heap after
Heap after GC invocations=23 (full 3):
 PSYoungGen      total 3728384K, used 1863664K [0x000000066ab00000, 0x00000007c0000000, 0x00000007c0000000)
  eden space 1864704K, 0% used [0x000000066ab00000,0x000000066ab00000,0x00000006dc800000)
  from space 1863680K, 99% used [0x000000074e400000,0x00000007bfffc098,0x00000007c0000000)
  to   space 1863680K, 0% used [0x00000006dc800000,0x00000006dc800000,0x000000074e400000)
 ParOldGen       total 7541248K, used 6213767K [0x00000003c0000000, 0x000000058c480000, 0x000000066ab00000)
  object space 7541248K, 82% used [0x00000003c0000000,0x000000053b421e90,0x000000058c480000)
 Metaspace       used 11785K, capacity 11898K, committed 12032K, reserved 1060864K
  class space    used 1230K, capacity 1265K, committed 1280K, reserved 1048576K
}
Event: 115.502 GC heap before
{Heap before GC invocations=24 (full 4):
 PSYoungGen      total 3728384K, used 1863664K [0x000000066ab00000, 0x00000007c0000000, 0x00000007c0000000)
  eden space 1864704K, 0% used [0x000000066ab00000,0x000000066ab00000,0x00000006dc800000)
  from space 1863680K, 99% used [0x000000074e400000,0x00000007bfffc098,0x00000007c0000000)
  to   space 1863680K, 0% used [0x00000006dc800000,0x00000006dc800000,0x000000074e400000)
 ParOldGen       total 7541248K, used 6213767K [0x00000003c0000000, 0x000000058c480000, 0x000000066ab00000)
  object space 7541248K, 82% used [0x00000003c0000000,0x000000053b421e90,0x000000058c480000)
 Metaspace       used 11785K, capacity 11898K, committed 12032K, reserved 1060864K
  class space    used 1230K, capacity 1265K, committed 1280K, reserved 1048576K
Event: 124.755 GC heap after
Heap after GC invocations=24 (full 4):
 PSYoungGen      total 3728384K, used 528805K [0x000000066ab00000, 0x00000007c0000000, 0x00000007c0000000)
  eden space 1864704K, 0% used [0x000000066ab00000,0x000000066ab00000,0x00000006dc800000)
  from space 1863680K, 28% used [0x000000074e400000,0x000000076e869618,0x00000007c0000000)
  to   space 1863680K, 0% used [0x00000006dc800000,0x00000006dc800000,0x000000074e400000)
 ParOldGen       total 9800192K, used 7541198K [0x00000003c0000000, 0x0000000616280000, 0x000000066ab00000)
  object space 9800192K, 76% used [0x00000003c0000000,0x000000058c473aa0,0x0000000616280000)
 Metaspace       used 11785K, capacity 11898K, committed 12032K, reserved 1060864K
  class space    used 1230K, capacity 1265K, committed 1280K, reserved 1048576K
}
Event: 125.494 GC heap before
{Heap before GC invocations=25 (full 4):
 PSYoungGen      total 3728384K, used 2393509K [0x000000066ab00000, 0x00000007c0000000, 0x00000007c0000000)
  eden space 1864704K, 100% used [0x000000066ab00000,0x00000006dc800000,0x00000006dc800000)
  from space 1863680K, 28% used [0x000000074e400000,0x000000076e869618,0x00000007c0000000)
  to   space 1863680K, 0% used [0x00000006dc800000,0x00000006dc800000,0x000000074e400000)
 ParOldGen       total 9800192K, used 7541198K [0x00000003c0000000, 0x0000000616280000, 0x000000066ab00000)
  object space 9800192K, 76% used [0x00000003c0000000,0x000000058c473aa0,0x0000000616280000)
 Metaspace       used 11785K, capacity 11898K, committed 12032K, reserved 1060864K
  class space    used 1230K, capacity 1265K, committed 1280K, reserved 1048576K
Event: 127.052 GC heap after
Heap after GC invocations=25 (full 4):
 PSYoungGen      total 3728384K, used 1863660K [0x000000066ab00000, 0x00000007c0000000, 0x00000007c0000000)
  eden space 1864704K, 0% used [0x000000066ab00000,0x000000066ab00000,0x00000006dc800000)
  from space 1863680K, 99% used [0x00000006dc800000,0x000000074e3fb010,0x000000074e400000)
  to   space 1863680K, 0% used [0x000000074e400000,0x000000074e400000,0x00000007c0000000)
 ParOldGen       total 9800192K, used 7752398K [0x00000003c0000000, 0x0000000616280000, 0x000000066ab00000)
  object space 9800192K, 79% used [0x00000003c0000000,0x00000005992b3aa0,0x0000000616280000)
 Metaspace       used 11785K, capacity 11898K, committed 12032K, reserved 1060864K
  class space    used 1230K, capacity 1265K, committed 1280K, reserved 1048576K
}
Event: 127.787 GC heap before
{Heap before GC invocations=26 (full 4):
 PSYoungGen      total 3728384K, used 3728364K [0x000000066ab00000, 0x00000007c0000000, 0x00000007c0000000)
  eden space 1864704K, 100% used [0x000000066ab00000,0x00000006dc800000,0x00000006dc800000)
  from space 1863680K, 99% used [0x00000006dc800000,0x000000074e3fb010,0x000000074e400000)
  to   space 1863680K, 0% used [0x000000074e400000,0x000000074e400000,0x00000007c0000000)
 ParOldGen       total 9800192K, used 7752398K [0x00000003c0000000, 0x0000000616280000, 0x000000066ab00000)
  object space 9800192K, 79% used [0x00000003c0000000,0x00000005992b3aa0,0x0000000616280000)
 Metaspace       used 11785K, capacity 11898K, committed 12032K, reserved 1060864K
  class space    used 1230K, capacity 1265K, committed 1280K, reserved 1048576K
Event: 135.898 GC heap after
Heap after GC invocations=26 (full 4):
 PSYoungGen      total 3728384K, used 1863672K [0x000000066ab00000, 0x00000007c0000000, 0x00000007c0000000)
  eden space 1864704K, 0% used [0x000000066ab00000,0x000000066ab00000,0x00000006dc800000)
  from space 1863680K, 99% used [0x000000074e400000,0x00000007bfffe020,0x00000007c0000000)
  to   space 1863680K, 0% used [0x00000006dc800000,0x00000006dc800000,0x000000074e400000)
 ParOldGen       total 9800192K, used 9303422K [0x00000003c0000000, 0x0000000616280000, 0x000000066ab00000)
  object space 9800192K, 94% used [0x00000003c0000000,0x00000005f7d5faa0,0x0000000616280000)
 Metaspace       used 11785K, capacity 11898K, committed 12032K, reserved 1060864K
  class space    used 1230K, capacity 1265K, committed 1280K, reserved 1048576K
}
Event: 135.904 GC heap before
{Heap before GC invocations=27 (full 5):
 PSYoungGen      total 3728384K, used 1863672K [0x000000066ab00000, 0x00000007c0000000, 0x00000007c0000000)
  eden space 1864704K, 0% used [0x000000066ab00000,0x000000066ab00000,0x00000006dc800000)
  from space 1863680K, 99% used [0x000000074e400000,0x00000007bfffe020,0x00000007c0000000)
  to   space 1863680K, 0% used [0x00000006dc800000,0x00000006dc800000,0x000000074e400000)
 ParOldGen       total 9800192K, used 9303422K [0x00000003c0000000, 0x0000000616280000, 0x000000066ab00000)
  object space 9800192K, 94% used [0x00000003c0000000,0x00000005f7d5faa0,0x0000000616280000)
 Metaspace       used 11785K, capacity 11898K, committed 12032K, reserved 1060864K
  class space    used 1230K, capacity 1265K, committed 1280K, reserved 1048576K

